H:\GITROOT\TOURDEGIRO\TOURDEGIRO\RELWITHDEBINFO\SERVERLIB.LIB
H:\GITROOT\TOURDEGIRO\TOURDEGIRO\RELWITHDEBINFO\SERVERLIB.PDB
H:\GITROOT\TOURDEGIRO\TOURDEGIRO\SERVERLIB\CMAKEFILES\GENERATE.STAMP
H:\gitroot\TourDeGiro\TourDeGiro\ServerLib\ServerLib.dir\RelWithDebInfo\CL.11152.read.1.tlog
H:\gitroot\TourDeGiro\TourDeGiro\ServerLib\ServerLib.dir\RelWithDebInfo\CL.11152.write.1.tlog
H:\gitroot\TourDeGiro\TourDeGiro\ServerLib\ServerLib.dir\RelWithDebInfo\CL.12384.read.1.tlog
H:\gitroot\TourDeGiro\TourDeGiro\ServerLib\ServerLib.dir\RelWithDebInfo\CL.12384.write.1.tlog
H:\gitroot\TourDeGiro\TourDeGiro\ServerLib\ServerLib.dir\RelWithDebInfo\CL.12700.read.1.tlog
H:\gitroot\TourDeGiro\TourDeGiro\ServerLib\ServerLib.dir\RelWithDebInfo\CL.12700.write.1.tlog
H:\gitroot\TourDeGiro\TourDeGiro\ServerLib\ServerLib.dir\RelWithDebInfo\CL.13084.read.1.tlog
H:\gitroot\TourDeGiro\TourDeGiro\ServerLib\ServerLib.dir\RelWithDebInfo\CL.13084.write.1.tlog
H:\gitroot\TourDeGiro\TourDeGiro\ServerLib\ServerLib.dir\RelWithDebInfo\CL.13444.read.1.tlog
H:\gitroot\TourDeGiro\TourDeGiro\ServerLib\ServerLib.dir\RelWithDebInfo\CL.13444.write.1.tlog
H:\gitroot\TourDeGiro\TourDeGiro\ServerLib\ServerLib.dir\RelWithDebInfo\CL.14868.read.1.tlog
H:\gitroot\TourDeGiro\TourDeGiro\ServerLib\ServerLib.dir\RelWithDebInfo\CL.14868.write.1.tlog
H:\gitroot\TourDeGiro\TourDeGiro\ServerLib\ServerLib.dir\RelWithDebInfo\CL.15784.read.1.tlog
H:\gitroot\TourDeGiro\TourDeGiro\ServerLib\ServerLib.dir\RelWithDebInfo\CL.15784.write.1.tlog
H:\gitroot\TourDeGiro\TourDeGiro\ServerLib\ServerLib.dir\RelWithDebInfo\CL.17296.read.1.tlog
H:\gitroot\TourDeGiro\TourDeGiro\ServerLib\ServerLib.dir\RelWithDebInfo\CL.17296.write.1.tlog
H:\gitroot\TourDeGiro\TourDeGiro\ServerLib\ServerLib.dir\RelWithDebInfo\CL.17884.read.1.tlog
H:\gitroot\TourDeGiro\TourDeGiro\ServerLib\ServerLib.dir\RelWithDebInfo\CL.17884.write.1.tlog
H:\gitroot\TourDeGiro\TourDeGiro\ServerLib\ServerLib.dir\RelWithDebInfo\CL.17980.read.1.tlog
H:\gitroot\TourDeGiro\TourDeGiro\ServerLib\ServerLib.dir\RelWithDebInfo\CL.17980.write.1.tlog
H:\gitroot\TourDeGiro\TourDeGiro\ServerLib\ServerLib.dir\RelWithDebInfo\CL.19036.read.1.tlog
H:\gitroot\TourDeGiro\TourDeGiro\ServerLib\ServerLib.dir\RelWithDebInfo\CL.19036.write.1.tlog
H:\gitroot\TourDeGiro\TourDeGiro\ServerLib\ServerLib.dir\RelWithDebInfo\CL.19924.read.1.tlog
H:\gitroot\TourDeGiro\TourDeGiro\ServerLib\ServerLib.dir\RelWithDebInfo\CL.19924.write.1.tlog
H:\gitroot\TourDeGiro\TourDeGiro\ServerLib\ServerLib.dir\RelWithDebInfo\CL.20272.read.1.tlog
H:\gitroot\TourDeGiro\TourDeGiro\ServerLib\ServerLib.dir\RelWithDebInfo\CL.20272.write.1.tlog
H:\gitroot\TourDeGiro\TourDeGiro\ServerLib\ServerLib.dir\RelWithDebInfo\CL.2360.read.1.tlog
H:\gitroot\TourDeGiro\TourDeGiro\ServerLib\ServerLib.dir\RelWithDebInfo\CL.2360.write.1.tlog
H:\gitroot\TourDeGiro\TourDeGiro\ServerLib\ServerLib.dir\RelWithDebInfo\CL.2896.read.1.tlog
H:\gitroot\TourDeGiro\TourDeGiro\ServerLib\ServerLib.dir\RelWithDebInfo\CL.2896.write.1.tlog
H:\gitroot\TourDeGiro\TourDeGiro\ServerLib\ServerLib.dir\RelWithDebInfo\CL.336.read.1.tlog
H:\gitroot\TourDeGiro\TourDeGiro\ServerLib\ServerLib.dir\RelWithDebInfo\CL.336.write.1.tlog
H:\gitroot\TourDeGiro\TourDeGiro\ServerLib\ServerLib.dir\RelWithDebInfo\CL.4740.read.1.tlog
H:\gitroot\TourDeGiro\TourDeGiro\ServerLib\ServerLib.dir\RelWithDebInfo\CL.4740.write.1.tlog
H:\gitroot\TourDeGiro\TourDeGiro\ServerLib\ServerLib.dir\RelWithDebInfo\CL.6396.read.1.tlog
H:\gitroot\TourDeGiro\TourDeGiro\ServerLib\ServerLib.dir\RelWithDebInfo\CL.6396.write.1.tlog
H:\gitroot\TourDeGiro\TourDeGiro\ServerLib\ServerLib.dir\RelWithDebInfo\CL.7368.read.1.tlog
H:\gitroot\TourDeGiro\TourDeGiro\ServerLib\ServerLib.dir\RelWithDebInfo\CL.7368.write.1.tlog
H:\gitroot\TourDeGiro\TourDeGiro\ServerLib\ServerLib.dir\RelWithDebInfo\cl.command.1.tlog
H:\gitroot\TourDeGiro\TourDeGiro\ServerLib\ServerLib.dir\RelWithDebInfo\CL.read.1.tlog
H:\gitroot\TourDeGiro\TourDeGiro\ServerLib\ServerLib.dir\RelWithDebInfo\CL.write.1.tlog
H:\gitroot\TourDeGiro\TourDeGiro\ServerLib\ServerLib.dir\RelWithDebInfo\custombuild.command.1.tlog
H:\gitroot\TourDeGiro\TourDeGiro\ServerLib\ServerLib.dir\RelWithDebInfo\custombuild.read.1.tlog
H:\gitroot\TourDeGiro\TourDeGiro\ServerLib\ServerLib.dir\RelWithDebInfo\custombuild.write.1.tlog
H:\gitroot\TourDeGiro\TourDeGiro\ServerLib\ServerLib.dir\RelWithDebInfo\lib.command.1.tlog
H:\gitroot\TourDeGiro\TourDeGiro\ServerLib\ServerLib.dir\RelWithDebInfo\Lib-link.read.1.tlog
H:\gitroot\TourDeGiro\TourDeGiro\ServerLib\ServerLib.dir\RelWithDebInfo\Lib-link.write.1.tlog
H:\GITROOT\TOURDEGIRO\TOURDEGIRO\SERVERLIB\SERVERLIB.DIR\RELWITHDEBINFO\SERVERLIB.PCH
H:\GITROOT\TOURDEGIRO\TOURDEGIRO\SERVERLIB\SERVERLIB.DIR\RELWITHDEBINFO\SIMPLECLIENT.OBJ
H:\GITROOT\TOURDEGIRO\TOURDEGIRO\SERVERLIB\SERVERLIB.DIR\RELWITHDEBINFO\SIMPLESERVER.OBJ
H:\GITROOT\TOURDEGIRO\TOURDEGIRO\SERVERLIB\SERVERLIB.DIR\RELWITHDEBINFO\STDAFX.OBJ
H:\GITROOT\TOURDEGIRO\TOURDEGIRO\SERVERLIB\SERVERLIB.DIR\RELWITHDEBINFO\TDGLOBBYCLIENT.OBJ
H:\GITROOT\TOURDEGIRO\TOURDEGIRO\SERVERLIB\SERVERLIB.DIR\RELWITHDEBINFO\THREADEDRESULTSSAVER.OBJ
H:\GITROOT\TOURDEGIRO\TOURDEGIRO\SERVERLIB\SERVERLIB.DIR\RELWITHDEBINFO\TOURSERVER.OBJ
