H:\GITROOT\TOURDEGIRO\TOURDEGIRO\MINIXML\CMAKEFILES\GENERATE.STAMP
H:\gitroot\TourDeGiro\TourDeGiro\Minixml\minixml.dir\RelWithDebInfo\CL.11316.read.1.tlog
H:\gitroot\TourDeGiro\TourDeGiro\Minixml\minixml.dir\RelWithDebInfo\CL.11316.write.1.tlog
H:\gitroot\TourDeGiro\TourDeGiro\Minixml\minixml.dir\RelWithDebInfo\CL.11904.read.1.tlog
H:\gitroot\TourDeGiro\TourDeGiro\Minixml\minixml.dir\RelWithDebInfo\CL.11904.write.1.tlog
H:\gitroot\TourDeGiro\TourDeGiro\Minixml\minixml.dir\RelWithDebInfo\CL.12536.read.1.tlog
H:\gitroot\TourDeGiro\TourDeGiro\Minixml\minixml.dir\RelWithDebInfo\CL.12536.write.1.tlog
H:\gitroot\TourDeGiro\TourDeGiro\Minixml\minixml.dir\RelWithDebInfo\CL.14488.read.1.tlog
H:\gitroot\TourDeGiro\TourDeGiro\Minixml\minixml.dir\RelWithDebInfo\CL.14488.write.1.tlog
H:\gitroot\TourDeGiro\TourDeGiro\Minixml\minixml.dir\RelWithDebInfo\CL.15440.read.1.tlog
H:\gitroot\TourDeGiro\TourDeGiro\Minixml\minixml.dir\RelWithDebInfo\CL.15440.write.1.tlog
H:\gitroot\TourDeGiro\TourDeGiro\Minixml\minixml.dir\RelWithDebInfo\CL.16256.read.1.tlog
H:\gitroot\TourDeGiro\TourDeGiro\Minixml\minixml.dir\RelWithDebInfo\CL.16256.write.1.tlog
H:\gitroot\TourDeGiro\TourDeGiro\Minixml\minixml.dir\RelWithDebInfo\CL.5484.read.1.tlog
H:\gitroot\TourDeGiro\TourDeGiro\Minixml\minixml.dir\RelWithDebInfo\CL.5484.write.1.tlog
H:\gitroot\TourDeGiro\TourDeGiro\Minixml\minixml.dir\RelWithDebInfo\CL.7104.read.1.tlog
H:\gitroot\TourDeGiro\TourDeGiro\Minixml\minixml.dir\RelWithDebInfo\CL.7104.write.1.tlog
H:\gitroot\TourDeGiro\TourDeGiro\Minixml\minixml.dir\RelWithDebInfo\cl.command.1.tlog
H:\gitroot\TourDeGiro\TourDeGiro\Minixml\minixml.dir\RelWithDebInfo\CL.read.1.tlog
H:\gitroot\TourDeGiro\TourDeGiro\Minixml\minixml.dir\RelWithDebInfo\cl.write.1.tlog
H:\gitroot\TourDeGiro\TourDeGiro\Minixml\minixml.dir\RelWithDebInfo\custombuild.command.1.tlog
H:\gitroot\TourDeGiro\TourDeGiro\Minixml\minixml.dir\RelWithDebInfo\custombuild.read.1.tlog
H:\gitroot\TourDeGiro\TourDeGiro\Minixml\minixml.dir\RelWithDebInfo\custombuild.write.1.tlog
H:\gitroot\TourDeGiro\TourDeGiro\Minixml\minixml.dir\RelWithDebInfo\lib.command.1.tlog
H:\gitroot\TourDeGiro\TourDeGiro\Minixml\minixml.dir\RelWithDebInfo\Lib-link.read.1.tlog
H:\gitroot\TourDeGiro\TourDeGiro\Minixml\minixml.dir\RelWithDebInfo\Lib-link.write.1.tlog
H:\gitroot\TourDeGiro\TourDeGiro\Minixml\minixml.dir\RelWithDebInfo\mxml-attr.obj
H:\gitroot\TourDeGiro\TourDeGiro\Minixml\minixml.dir\RelWithDebInfo\mxml-entity.obj
H:\gitroot\TourDeGiro\TourDeGiro\Minixml\minixml.dir\RelWithDebInfo\mxml-file.obj
H:\gitroot\TourDeGiro\TourDeGiro\Minixml\minixml.dir\RelWithDebInfo\mxml-get.obj
H:\gitroot\TourDeGiro\TourDeGiro\Minixml\minixml.dir\RelWithDebInfo\mxml-index.obj
H:\gitroot\TourDeGiro\TourDeGiro\Minixml\minixml.dir\RelWithDebInfo\mxml-node.obj
H:\gitroot\TourDeGiro\TourDeGiro\Minixml\minixml.dir\RelWithDebInfo\mxml-private.obj
H:\gitroot\TourDeGiro\TourDeGiro\Minixml\minixml.dir\RelWithDebInfo\mxml-search.obj
H:\gitroot\TourDeGiro\TourDeGiro\Minixml\minixml.dir\RelWithDebInfo\mxml-set.obj
H:\gitroot\TourDeGiro\TourDeGiro\Minixml\minixml.dir\RelWithDebInfo\mxml-string.obj
H:\GITROOT\TOURDEGIRO\TOURDEGIRO\RELWITHDEBINFO\MINIXML.LIB
H:\GITROOT\TOURDEGIRO\TOURDEGIRO\RELWITHDEBINFO\MINIXML.PDB
