H:\GITROOT\TOURDEGIRO\TOURDEGIRO\LIBCURL.PDB
H:\GITROOT\TOURDEGIRO\TOURDEGIRO\LIBCURL\LIB\CMAKEFILES\GENERATE.STAMP
H:\GITROOT\TOURDEGIRO\TOURDEGIRO\LIBCURL\LIB\LIBCURL.DIR\RELWITHDEBINFO\AMIGAOS.OBJ
H:\GITROOT\TOURDEGIRO\TOURDEGIRO\LIBCURL\LIB\LIBCURL.DIR\RELWITHDEBINFO\ASYN-ARES.OBJ
H:\GITROOT\TOURDEGIRO\TOURDEGIRO\LIBCURL\LIB\LIBCURL.DIR\RELWITHDEBINFO\ASYN-THREAD.OBJ
H:\GITROOT\TOURDEGIRO\TOURDEGIRO\LIBCURL\LIB\LIBCURL.DIR\RELWITHDEBINFO\AXTLS.OBJ
H:\GITROOT\TOURDEGIRO\TOURDEGIRO\LIBCURL\LIB\LIBCURL.DIR\RELWITHDEBINFO\BASE64.OBJ
H:\GITROOT\TOURDEGIRO\TOURDEGIRO\LIBCURL\LIB\LIBCURL.DIR\RELWITHDEBINFO\BUNDLES.OBJ
H:\gitroot\TourDeGiro\TourDeGiro\libcurl\lib\libcurl.dir\RelWithDebInfo\CL.11380.read.1.tlog
H:\gitroot\TourDeGiro\TourDeGiro\libcurl\lib\libcurl.dir\RelWithDebInfo\CL.11380.write.1.tlog
H:\gitroot\TourDeGiro\TourDeGiro\libcurl\lib\libcurl.dir\RelWithDebInfo\CL.11716.read.1.tlog
H:\gitroot\TourDeGiro\TourDeGiro\libcurl\lib\libcurl.dir\RelWithDebInfo\CL.11716.write.1.tlog
H:\gitroot\TourDeGiro\TourDeGiro\libcurl\lib\libcurl.dir\RelWithDebInfo\CL.1176.read.1.tlog
H:\gitroot\TourDeGiro\TourDeGiro\libcurl\lib\libcurl.dir\RelWithDebInfo\CL.1176.write.1.tlog
H:\gitroot\TourDeGiro\TourDeGiro\libcurl\lib\libcurl.dir\RelWithDebInfo\CL.11768.read.1.tlog
H:\gitroot\TourDeGiro\TourDeGiro\libcurl\lib\libcurl.dir\RelWithDebInfo\CL.11768.write.1.tlog
H:\gitroot\TourDeGiro\TourDeGiro\libcurl\lib\libcurl.dir\RelWithDebInfo\CL.12032.read.1.tlog
H:\gitroot\TourDeGiro\TourDeGiro\libcurl\lib\libcurl.dir\RelWithDebInfo\CL.12032.write.1.tlog
H:\gitroot\TourDeGiro\TourDeGiro\libcurl\lib\libcurl.dir\RelWithDebInfo\CL.13220.read.1.tlog
H:\gitroot\TourDeGiro\TourDeGiro\libcurl\lib\libcurl.dir\RelWithDebInfo\CL.13220.write.1.tlog
H:\gitroot\TourDeGiro\TourDeGiro\libcurl\lib\libcurl.dir\RelWithDebInfo\CL.14008.read.1.tlog
H:\gitroot\TourDeGiro\TourDeGiro\libcurl\lib\libcurl.dir\RelWithDebInfo\CL.14008.write.1.tlog
H:\gitroot\TourDeGiro\TourDeGiro\libcurl\lib\libcurl.dir\RelWithDebInfo\CL.14308.read.1.tlog
H:\gitroot\TourDeGiro\TourDeGiro\libcurl\lib\libcurl.dir\RelWithDebInfo\CL.14308.write.1.tlog
H:\gitroot\TourDeGiro\TourDeGiro\libcurl\lib\libcurl.dir\RelWithDebInfo\CL.14860.read.1.tlog
H:\gitroot\TourDeGiro\TourDeGiro\libcurl\lib\libcurl.dir\RelWithDebInfo\CL.14860.write.1.tlog
H:\gitroot\TourDeGiro\TourDeGiro\libcurl\lib\libcurl.dir\RelWithDebInfo\CL.15288.read.1.tlog
H:\gitroot\TourDeGiro\TourDeGiro\libcurl\lib\libcurl.dir\RelWithDebInfo\CL.15288.write.1.tlog
H:\gitroot\TourDeGiro\TourDeGiro\libcurl\lib\libcurl.dir\RelWithDebInfo\CL.16420.read.1.tlog
H:\gitroot\TourDeGiro\TourDeGiro\libcurl\lib\libcurl.dir\RelWithDebInfo\CL.16420.write.1.tlog
H:\gitroot\TourDeGiro\TourDeGiro\libcurl\lib\libcurl.dir\RelWithDebInfo\CL.17040.read.1.tlog
H:\gitroot\TourDeGiro\TourDeGiro\libcurl\lib\libcurl.dir\RelWithDebInfo\CL.17040.write.1.tlog
H:\gitroot\TourDeGiro\TourDeGiro\libcurl\lib\libcurl.dir\RelWithDebInfo\CL.17952.read.1.tlog
H:\gitroot\TourDeGiro\TourDeGiro\libcurl\lib\libcurl.dir\RelWithDebInfo\CL.17952.write.1.tlog
H:\gitroot\TourDeGiro\TourDeGiro\libcurl\lib\libcurl.dir\RelWithDebInfo\CL.18128.read.1.tlog
H:\gitroot\TourDeGiro\TourDeGiro\libcurl\lib\libcurl.dir\RelWithDebInfo\CL.18128.write.1.tlog
H:\gitroot\TourDeGiro\TourDeGiro\libcurl\lib\libcurl.dir\RelWithDebInfo\CL.18268.read.1.tlog
H:\gitroot\TourDeGiro\TourDeGiro\libcurl\lib\libcurl.dir\RelWithDebInfo\CL.18268.write.1.tlog
H:\gitroot\TourDeGiro\TourDeGiro\libcurl\lib\libcurl.dir\RelWithDebInfo\CL.18768.read.1.tlog
H:\gitroot\TourDeGiro\TourDeGiro\libcurl\lib\libcurl.dir\RelWithDebInfo\CL.18768.write.1.tlog
H:\gitroot\TourDeGiro\TourDeGiro\libcurl\lib\libcurl.dir\RelWithDebInfo\CL.19000.read.1.tlog
H:\gitroot\TourDeGiro\TourDeGiro\libcurl\lib\libcurl.dir\RelWithDebInfo\CL.19000.write.1.tlog
H:\gitroot\TourDeGiro\TourDeGiro\libcurl\lib\libcurl.dir\RelWithDebInfo\CL.19052.read.1.tlog
H:\gitroot\TourDeGiro\TourDeGiro\libcurl\lib\libcurl.dir\RelWithDebInfo\CL.19052.write.1.tlog
H:\gitroot\TourDeGiro\TourDeGiro\libcurl\lib\libcurl.dir\RelWithDebInfo\CL.19412.read.1.tlog
H:\gitroot\TourDeGiro\TourDeGiro\libcurl\lib\libcurl.dir\RelWithDebInfo\CL.19412.write.1.tlog
H:\gitroot\TourDeGiro\TourDeGiro\libcurl\lib\libcurl.dir\RelWithDebInfo\CL.19608.read.1.tlog
H:\gitroot\TourDeGiro\TourDeGiro\libcurl\lib\libcurl.dir\RelWithDebInfo\CL.19608.write.1.tlog
H:\gitroot\TourDeGiro\TourDeGiro\libcurl\lib\libcurl.dir\RelWithDebInfo\CL.19796.read.1.tlog
H:\gitroot\TourDeGiro\TourDeGiro\libcurl\lib\libcurl.dir\RelWithDebInfo\CL.19796.write.1.tlog
H:\gitroot\TourDeGiro\TourDeGiro\libcurl\lib\libcurl.dir\RelWithDebInfo\CL.20180.read.1.tlog
H:\gitroot\TourDeGiro\TourDeGiro\libcurl\lib\libcurl.dir\RelWithDebInfo\CL.20180.write.1.tlog
H:\gitroot\TourDeGiro\TourDeGiro\libcurl\lib\libcurl.dir\RelWithDebInfo\CL.2036.read.1.tlog
H:\gitroot\TourDeGiro\TourDeGiro\libcurl\lib\libcurl.dir\RelWithDebInfo\CL.2036.write.1.tlog
H:\gitroot\TourDeGiro\TourDeGiro\libcurl\lib\libcurl.dir\RelWithDebInfo\CL.20444.read.1.tlog
H:\gitroot\TourDeGiro\TourDeGiro\libcurl\lib\libcurl.dir\RelWithDebInfo\CL.20444.write.1.tlog
H:\gitroot\TourDeGiro\TourDeGiro\libcurl\lib\libcurl.dir\RelWithDebInfo\CL.20468.read.1.tlog
H:\gitroot\TourDeGiro\TourDeGiro\libcurl\lib\libcurl.dir\RelWithDebInfo\CL.20468.write.1.tlog
H:\gitroot\TourDeGiro\TourDeGiro\libcurl\lib\libcurl.dir\RelWithDebInfo\CL.20476.read.1.tlog
H:\gitroot\TourDeGiro\TourDeGiro\libcurl\lib\libcurl.dir\RelWithDebInfo\CL.20476.write.1.tlog
H:\gitroot\TourDeGiro\TourDeGiro\libcurl\lib\libcurl.dir\RelWithDebInfo\CL.20848.read.1.tlog
H:\gitroot\TourDeGiro\TourDeGiro\libcurl\lib\libcurl.dir\RelWithDebInfo\CL.20848.write.1.tlog
H:\gitroot\TourDeGiro\TourDeGiro\libcurl\lib\libcurl.dir\RelWithDebInfo\CL.2120.read.1.tlog
H:\gitroot\TourDeGiro\TourDeGiro\libcurl\lib\libcurl.dir\RelWithDebInfo\CL.2120.write.1.tlog
H:\gitroot\TourDeGiro\TourDeGiro\libcurl\lib\libcurl.dir\RelWithDebInfo\CL.21472.read.1.tlog
H:\gitroot\TourDeGiro\TourDeGiro\libcurl\lib\libcurl.dir\RelWithDebInfo\CL.21472.write.1.tlog
H:\gitroot\TourDeGiro\TourDeGiro\libcurl\lib\libcurl.dir\RelWithDebInfo\CL.5036.read.1.tlog
H:\gitroot\TourDeGiro\TourDeGiro\libcurl\lib\libcurl.dir\RelWithDebInfo\CL.5036.write.1.tlog
H:\gitroot\TourDeGiro\TourDeGiro\libcurl\lib\libcurl.dir\RelWithDebInfo\CL.6872.read.1.tlog
H:\gitroot\TourDeGiro\TourDeGiro\libcurl\lib\libcurl.dir\RelWithDebInfo\CL.6872.write.1.tlog
H:\gitroot\TourDeGiro\TourDeGiro\libcurl\lib\libcurl.dir\RelWithDebInfo\cl.command.1.tlog
H:\gitroot\TourDeGiro\TourDeGiro\libcurl\lib\libcurl.dir\RelWithDebInfo\CL.read.1.tlog
H:\gitroot\TourDeGiro\TourDeGiro\libcurl\lib\libcurl.dir\RelWithDebInfo\cl.write.1.tlog
H:\GITROOT\TOURDEGIRO\TOURDEGIRO\LIBCURL\LIB\LIBCURL.DIR\RELWITHDEBINFO\CONNCACHE.OBJ
H:\GITROOT\TOURDEGIRO\TOURDEGIRO\LIBCURL\LIB\LIBCURL.DIR\RELWITHDEBINFO\CONNECT.OBJ
H:\GITROOT\TOURDEGIRO\TOURDEGIRO\LIBCURL\LIB\LIBCURL.DIR\RELWITHDEBINFO\CONTENT_ENCODING.OBJ
H:\GITROOT\TOURDEGIRO\TOURDEGIRO\LIBCURL\LIB\LIBCURL.DIR\RELWITHDEBINFO\COOKIE.OBJ
H:\GITROOT\TOURDEGIRO\TOURDEGIRO\LIBCURL\LIB\LIBCURL.DIR\RELWITHDEBINFO\CURL_ADDRINFO.OBJ
H:\GITROOT\TOURDEGIRO\TOURDEGIRO\LIBCURL\LIB\LIBCURL.DIR\RELWITHDEBINFO\CURL_DARWINSSL.OBJ
H:\GITROOT\TOURDEGIRO\TOURDEGIRO\LIBCURL\LIB\LIBCURL.DIR\RELWITHDEBINFO\CURL_FNMATCH.OBJ
H:\GITROOT\TOURDEGIRO\TOURDEGIRO\LIBCURL\LIB\LIBCURL.DIR\RELWITHDEBINFO\CURL_GETHOSTNAME.OBJ
H:\GITROOT\TOURDEGIRO\TOURDEGIRO\LIBCURL\LIB\LIBCURL.DIR\RELWITHDEBINFO\CURL_GSSAPI.OBJ
H:\GITROOT\TOURDEGIRO\TOURDEGIRO\LIBCURL\LIB\LIBCURL.DIR\RELWITHDEBINFO\CURL_MEMRCHR.OBJ
H:\GITROOT\TOURDEGIRO\TOURDEGIRO\LIBCURL\LIB\LIBCURL.DIR\RELWITHDEBINFO\CURL_MULTIBYTE.OBJ
H:\GITROOT\TOURDEGIRO\TOURDEGIRO\LIBCURL\LIB\LIBCURL.DIR\RELWITHDEBINFO\CURL_NTLM.OBJ
H:\GITROOT\TOURDEGIRO\TOURDEGIRO\LIBCURL\LIB\LIBCURL.DIR\RELWITHDEBINFO\CURL_NTLM_CORE.OBJ
H:\GITROOT\TOURDEGIRO\TOURDEGIRO\LIBCURL\LIB\LIBCURL.DIR\RELWITHDEBINFO\CURL_NTLM_MSGS.OBJ
H:\GITROOT\TOURDEGIRO\TOURDEGIRO\LIBCURL\LIB\LIBCURL.DIR\RELWITHDEBINFO\CURL_NTLM_WB.OBJ
H:\GITROOT\TOURDEGIRO\TOURDEGIRO\LIBCURL\LIB\LIBCURL.DIR\RELWITHDEBINFO\CURL_RAND.OBJ
H:\GITROOT\TOURDEGIRO\TOURDEGIRO\LIBCURL\LIB\LIBCURL.DIR\RELWITHDEBINFO\CURL_RTMP.OBJ
H:\GITROOT\TOURDEGIRO\TOURDEGIRO\LIBCURL\LIB\LIBCURL.DIR\RELWITHDEBINFO\CURL_SASL.OBJ
H:\GITROOT\TOURDEGIRO\TOURDEGIRO\LIBCURL\LIB\LIBCURL.DIR\RELWITHDEBINFO\CURL_SCHANNEL.OBJ
H:\GITROOT\TOURDEGIRO\TOURDEGIRO\LIBCURL\LIB\LIBCURL.DIR\RELWITHDEBINFO\CURL_SSPI.OBJ
H:\GITROOT\TOURDEGIRO\TOURDEGIRO\LIBCURL\LIB\LIBCURL.DIR\RELWITHDEBINFO\CURL_THREADS.OBJ
H:\gitroot\TourDeGiro\TourDeGiro\libcurl\lib\libcurl.dir\RelWithDebInfo\custombuild.command.1.tlog
H:\gitroot\TourDeGiro\TourDeGiro\libcurl\lib\libcurl.dir\RelWithDebInfo\custombuild.read.1.tlog
H:\gitroot\TourDeGiro\TourDeGiro\libcurl\lib\libcurl.dir\RelWithDebInfo\custombuild.write.1.tlog
H:\GITROOT\TOURDEGIRO\TOURDEGIRO\LIBCURL\LIB\LIBCURL.DIR\RELWITHDEBINFO\CYASSL.OBJ
H:\GITROOT\TOURDEGIRO\TOURDEGIRO\LIBCURL\LIB\LIBCURL.DIR\RELWITHDEBINFO\DICT.OBJ
H:\GITROOT\TOURDEGIRO\TOURDEGIRO\LIBCURL\LIB\LIBCURL.DIR\RELWITHDEBINFO\EASY.OBJ
H:\GITROOT\TOURDEGIRO\TOURDEGIRO\LIBCURL\LIB\LIBCURL.DIR\RELWITHDEBINFO\ESCAPE.OBJ
H:\GITROOT\TOURDEGIRO\TOURDEGIRO\LIBCURL\LIB\LIBCURL.DIR\RELWITHDEBINFO\FILE.OBJ
H:\GITROOT\TOURDEGIRO\TOURDEGIRO\LIBCURL\LIB\LIBCURL.DIR\RELWITHDEBINFO\FILEINFO.OBJ
H:\GITROOT\TOURDEGIRO\TOURDEGIRO\LIBCURL\LIB\LIBCURL.DIR\RELWITHDEBINFO\FORMDATA.OBJ
H:\GITROOT\TOURDEGIRO\TOURDEGIRO\LIBCURL\LIB\LIBCURL.DIR\RELWITHDEBINFO\FTP.OBJ
H:\GITROOT\TOURDEGIRO\TOURDEGIRO\LIBCURL\LIB\LIBCURL.DIR\RELWITHDEBINFO\FTPLISTPARSER.OBJ
H:\GITROOT\TOURDEGIRO\TOURDEGIRO\LIBCURL\LIB\LIBCURL.DIR\RELWITHDEBINFO\GETENV.OBJ
H:\GITROOT\TOURDEGIRO\TOURDEGIRO\LIBCURL\LIB\LIBCURL.DIR\RELWITHDEBINFO\GETINFO.OBJ
H:\GITROOT\TOURDEGIRO\TOURDEGIRO\LIBCURL\LIB\LIBCURL.DIR\RELWITHDEBINFO\GOPHER.OBJ
H:\GITROOT\TOURDEGIRO\TOURDEGIRO\LIBCURL\LIB\LIBCURL.DIR\RELWITHDEBINFO\GTLS.OBJ
H:\GITROOT\TOURDEGIRO\TOURDEGIRO\LIBCURL\LIB\LIBCURL.DIR\RELWITHDEBINFO\HASH.OBJ
H:\GITROOT\TOURDEGIRO\TOURDEGIRO\LIBCURL\LIB\LIBCURL.DIR\RELWITHDEBINFO\HMAC.OBJ
H:\GITROOT\TOURDEGIRO\TOURDEGIRO\LIBCURL\LIB\LIBCURL.DIR\RELWITHDEBINFO\HOSTASYN.OBJ
H:\GITROOT\TOURDEGIRO\TOURDEGIRO\LIBCURL\LIB\LIBCURL.DIR\RELWITHDEBINFO\HOSTCHECK.OBJ
H:\GITROOT\TOURDEGIRO\TOURDEGIRO\LIBCURL\LIB\LIBCURL.DIR\RELWITHDEBINFO\HOSTIP.OBJ
H:\GITROOT\TOURDEGIRO\TOURDEGIRO\LIBCURL\LIB\LIBCURL.DIR\RELWITHDEBINFO\HOSTIP4.OBJ
H:\GITROOT\TOURDEGIRO\TOURDEGIRO\LIBCURL\LIB\LIBCURL.DIR\RELWITHDEBINFO\HOSTIP6.OBJ
H:\GITROOT\TOURDEGIRO\TOURDEGIRO\LIBCURL\LIB\LIBCURL.DIR\RELWITHDEBINFO\HOSTSYN.OBJ
H:\GITROOT\TOURDEGIRO\TOURDEGIRO\LIBCURL\LIB\LIBCURL.DIR\RELWITHDEBINFO\HTTP.OBJ
H:\GITROOT\TOURDEGIRO\TOURDEGIRO\LIBCURL\LIB\LIBCURL.DIR\RELWITHDEBINFO\HTTP_CHUNKS.OBJ
H:\GITROOT\TOURDEGIRO\TOURDEGIRO\LIBCURL\LIB\LIBCURL.DIR\RELWITHDEBINFO\HTTP_DIGEST.OBJ
H:\GITROOT\TOURDEGIRO\TOURDEGIRO\LIBCURL\LIB\LIBCURL.DIR\RELWITHDEBINFO\HTTP_NEGOTIATE.OBJ
H:\GITROOT\TOURDEGIRO\TOURDEGIRO\LIBCURL\LIB\LIBCURL.DIR\RELWITHDEBINFO\HTTP_NEGOTIATE_SSPI.OBJ
H:\GITROOT\TOURDEGIRO\TOURDEGIRO\LIBCURL\LIB\LIBCURL.DIR\RELWITHDEBINFO\HTTP_PROXY.OBJ
H:\GITROOT\TOURDEGIRO\TOURDEGIRO\LIBCURL\LIB\LIBCURL.DIR\RELWITHDEBINFO\IDN_WIN32.OBJ
H:\GITROOT\TOURDEGIRO\TOURDEGIRO\LIBCURL\LIB\LIBCURL.DIR\RELWITHDEBINFO\IF2IP.OBJ
H:\GITROOT\TOURDEGIRO\TOURDEGIRO\LIBCURL\LIB\LIBCURL.DIR\RELWITHDEBINFO\IMAP.OBJ
H:\GITROOT\TOURDEGIRO\TOURDEGIRO\LIBCURL\LIB\LIBCURL.DIR\RELWITHDEBINFO\INET_NTOP.OBJ
H:\GITROOT\TOURDEGIRO\TOURDEGIRO\LIBCURL\LIB\LIBCURL.DIR\RELWITHDEBINFO\INET_PTON.OBJ
H:\GITROOT\TOURDEGIRO\TOURDEGIRO\LIBCURL\LIB\LIBCURL.DIR\RELWITHDEBINFO\KRB4.OBJ
H:\GITROOT\TOURDEGIRO\TOURDEGIRO\LIBCURL\LIB\LIBCURL.DIR\RELWITHDEBINFO\KRB5.OBJ
H:\GITROOT\TOURDEGIRO\TOURDEGIRO\LIBCURL\LIB\LIBCURL.DIR\RELWITHDEBINFO\LDAP.OBJ
H:\GITROOT\TOURDEGIRO\TOURDEGIRO\LIBCURL\LIB\LIBCURL.DIR\RELWITHDEBINFO\LIBCURL.DLL.EMBED.MANIFEST
H:\GITROOT\TOURDEGIRO\TOURDEGIRO\LIBCURL\LIB\LIBCURL.DIR\RELWITHDEBINFO\LIBCURL.DLL.EMBED.MANIFEST.RES
H:\GITROOT\TOURDEGIRO\TOURDEGIRO\LIBCURL\LIB\LIBCURL.DIR\RELWITHDEBINFO\LIBCURL.DLL.INTERMEDIATE.MANIFEST
H:\GITROOT\TOURDEGIRO\TOURDEGIRO\LIBCURL\LIB\LIBCURL.DIR\RELWITHDEBINFO\LIBCURL.RES
H:\gitroot\TourDeGiro\TourDeGiro\libcurl\lib\libcurl.dir\RelWithDebInfo\libcurl.write.1.tlog
H:\gitroot\TourDeGiro\TourDeGiro\libcurl\lib\libcurl.dir\RelWithDebInfo\libcurl_manifest.rc
H:\gitroot\TourDeGiro\TourDeGiro\libcurl\lib\libcurl.dir\RelWithDebInfo\link.command.1.tlog
H:\gitroot\TourDeGiro\TourDeGiro\libcurl\lib\libcurl.dir\RelWithDebInfo\link.read.1.tlog
H:\gitroot\TourDeGiro\TourDeGiro\libcurl\lib\libcurl.dir\RelWithDebInfo\link.write.1.tlog
H:\gitroot\TourDeGiro\TourDeGiro\libcurl\lib\libcurl.dir\RelWithDebInfo\link-cvtres.read.1.tlog
H:\gitroot\TourDeGiro\TourDeGiro\libcurl\lib\libcurl.dir\RelWithDebInfo\link-cvtres.write.1.tlog
H:\GITROOT\TOURDEGIRO\TOURDEGIRO\LIBCURL\LIB\LIBCURL.DIR\RELWITHDEBINFO\LLIST.OBJ
H:\GITROOT\TOURDEGIRO\TOURDEGIRO\LIBCURL\LIB\LIBCURL.DIR\RELWITHDEBINFO\MD4.OBJ
H:\GITROOT\TOURDEGIRO\TOURDEGIRO\LIBCURL\LIB\LIBCURL.DIR\RELWITHDEBINFO\MD5.OBJ
H:\GITROOT\TOURDEGIRO\TOURDEGIRO\LIBCURL\LIB\LIBCURL.DIR\RELWITHDEBINFO\MEMDEBUG.OBJ
H:\GITROOT\TOURDEGIRO\TOURDEGIRO\LIBCURL\LIB\LIBCURL.DIR\RELWITHDEBINFO\MPRINTF.OBJ
H:\gitroot\TourDeGiro\TourDeGiro\libcurl\lib\libcurl.dir\RelWithDebInfo\mt.command.1.tlog
H:\gitroot\TourDeGiro\TourDeGiro\libcurl\lib\libcurl.dir\RelWithDebInfo\mt.read.1.tlog
H:\gitroot\TourDeGiro\TourDeGiro\libcurl\lib\libcurl.dir\RelWithDebInfo\mt.write.1.tlog
H:\GITROOT\TOURDEGIRO\TOURDEGIRO\LIBCURL\LIB\LIBCURL.DIR\RELWITHDEBINFO\MULTI.OBJ
H:\GITROOT\TOURDEGIRO\TOURDEGIRO\LIBCURL\LIB\LIBCURL.DIR\RELWITHDEBINFO\NETRC.OBJ
H:\GITROOT\TOURDEGIRO\TOURDEGIRO\LIBCURL\LIB\LIBCURL.DIR\RELWITHDEBINFO\NON-ASCII.OBJ
H:\GITROOT\TOURDEGIRO\TOURDEGIRO\LIBCURL\LIB\LIBCURL.DIR\RELWITHDEBINFO\NONBLOCK.OBJ
H:\GITROOT\TOURDEGIRO\TOURDEGIRO\LIBCURL\LIB\LIBCURL.DIR\RELWITHDEBINFO\NSS.OBJ
H:\GITROOT\TOURDEGIRO\TOURDEGIRO\LIBCURL\LIB\LIBCURL.DIR\RELWITHDEBINFO\OPENLDAP.OBJ
H:\GITROOT\TOURDEGIRO\TOURDEGIRO\LIBCURL\LIB\LIBCURL.DIR\RELWITHDEBINFO\PARSEDATE.OBJ
H:\GITROOT\TOURDEGIRO\TOURDEGIRO\LIBCURL\LIB\LIBCURL.DIR\RELWITHDEBINFO\PINGPONG.OBJ
H:\GITROOT\TOURDEGIRO\TOURDEGIRO\LIBCURL\LIB\LIBCURL.DIR\RELWITHDEBINFO\PIPELINE.OBJ
H:\GITROOT\TOURDEGIRO\TOURDEGIRO\LIBCURL\LIB\LIBCURL.DIR\RELWITHDEBINFO\POLARSSL.OBJ
H:\GITROOT\TOURDEGIRO\TOURDEGIRO\LIBCURL\LIB\LIBCURL.DIR\RELWITHDEBINFO\POLARSSL_THREADLOCK.OBJ
H:\GITROOT\TOURDEGIRO\TOURDEGIRO\LIBCURL\LIB\LIBCURL.DIR\RELWITHDEBINFO\POP3.OBJ
H:\GITROOT\TOURDEGIRO\TOURDEGIRO\LIBCURL\LIB\LIBCURL.DIR\RELWITHDEBINFO\PROGRESS.OBJ
H:\GITROOT\TOURDEGIRO\TOURDEGIRO\LIBCURL\LIB\LIBCURL.DIR\RELWITHDEBINFO\QSSL.OBJ
H:\GITROOT\TOURDEGIRO\TOURDEGIRO\LIBCURL\LIB\LIBCURL.DIR\RELWITHDEBINFO\RAWSTR.OBJ
H:\gitroot\TourDeGiro\TourDeGiro\libcurl\lib\libcurl.dir\RelWithDebInfo\rc.command.1.tlog
H:\gitroot\TourDeGiro\TourDeGiro\libcurl\lib\libcurl.dir\RelWithDebInfo\rc.read.1.tlog
H:\gitroot\TourDeGiro\TourDeGiro\libcurl\lib\libcurl.dir\RelWithDebInfo\rc.write.1.tlog
H:\GITROOT\TOURDEGIRO\TOURDEGIRO\LIBCURL\LIB\LIBCURL.DIR\RELWITHDEBINFO\RTSP.OBJ
H:\GITROOT\TOURDEGIRO\TOURDEGIRO\LIBCURL\LIB\LIBCURL.DIR\RELWITHDEBINFO\SECURITY.OBJ
H:\GITROOT\TOURDEGIRO\TOURDEGIRO\LIBCURL\LIB\LIBCURL.DIR\RELWITHDEBINFO\SELECT.OBJ
H:\GITROOT\TOURDEGIRO\TOURDEGIRO\LIBCURL\LIB\LIBCURL.DIR\RELWITHDEBINFO\SENDF.OBJ
H:\GITROOT\TOURDEGIRO\TOURDEGIRO\LIBCURL\LIB\LIBCURL.DIR\RELWITHDEBINFO\SHARE.OBJ
H:\GITROOT\TOURDEGIRO\TOURDEGIRO\LIBCURL\LIB\LIBCURL.DIR\RELWITHDEBINFO\SLIST.OBJ
H:\GITROOT\TOURDEGIRO\TOURDEGIRO\LIBCURL\LIB\LIBCURL.DIR\RELWITHDEBINFO\SMTP.OBJ
H:\GITROOT\TOURDEGIRO\TOURDEGIRO\LIBCURL\LIB\LIBCURL.DIR\RELWITHDEBINFO\SOCKS.OBJ
H:\GITROOT\TOURDEGIRO\TOURDEGIRO\LIBCURL\LIB\LIBCURL.DIR\RELWITHDEBINFO\SOCKS_GSSAPI.OBJ
H:\GITROOT\TOURDEGIRO\TOURDEGIRO\LIBCURL\LIB\LIBCURL.DIR\RELWITHDEBINFO\SOCKS_SSPI.OBJ
H:\GITROOT\TOURDEGIRO\TOURDEGIRO\LIBCURL\LIB\LIBCURL.DIR\RELWITHDEBINFO\SPEEDCHECK.OBJ
H:\GITROOT\TOURDEGIRO\TOURDEGIRO\LIBCURL\LIB\LIBCURL.DIR\RELWITHDEBINFO\SPLAY.OBJ
H:\GITROOT\TOURDEGIRO\TOURDEGIRO\LIBCURL\LIB\LIBCURL.DIR\RELWITHDEBINFO\SSH.OBJ
H:\GITROOT\TOURDEGIRO\TOURDEGIRO\LIBCURL\LIB\LIBCURL.DIR\RELWITHDEBINFO\SSLGEN.OBJ
H:\GITROOT\TOURDEGIRO\TOURDEGIRO\LIBCURL\LIB\LIBCURL.DIR\RELWITHDEBINFO\SSLUSE.OBJ
H:\GITROOT\TOURDEGIRO\TOURDEGIRO\LIBCURL\LIB\LIBCURL.DIR\RELWITHDEBINFO\STRDUP.OBJ
H:\GITROOT\TOURDEGIRO\TOURDEGIRO\LIBCURL\LIB\LIBCURL.DIR\RELWITHDEBINFO\STREQUAL.OBJ
H:\GITROOT\TOURDEGIRO\TOURDEGIRO\LIBCURL\LIB\LIBCURL.DIR\RELWITHDEBINFO\STRERROR.OBJ
H:\GITROOT\TOURDEGIRO\TOURDEGIRO\LIBCURL\LIB\LIBCURL.DIR\RELWITHDEBINFO\STRTOK.OBJ
H:\GITROOT\TOURDEGIRO\TOURDEGIRO\LIBCURL\LIB\LIBCURL.DIR\RELWITHDEBINFO\STRTOOFFT.OBJ
H:\GITROOT\TOURDEGIRO\TOURDEGIRO\LIBCURL\LIB\LIBCURL.DIR\RELWITHDEBINFO\TELNET.OBJ
H:\GITROOT\TOURDEGIRO\TOURDEGIRO\LIBCURL\LIB\LIBCURL.DIR\RELWITHDEBINFO\TFTP.OBJ
H:\GITROOT\TOURDEGIRO\TOURDEGIRO\LIBCURL\LIB\LIBCURL.DIR\RELWITHDEBINFO\TIMEVAL.OBJ
H:\GITROOT\TOURDEGIRO\TOURDEGIRO\LIBCURL\LIB\LIBCURL.DIR\RELWITHDEBINFO\TRANSFER.OBJ
H:\GITROOT\TOURDEGIRO\TOURDEGIRO\LIBCURL\LIB\LIBCURL.DIR\RELWITHDEBINFO\URL.OBJ
H:\GITROOT\TOURDEGIRO\TOURDEGIRO\LIBCURL\LIB\LIBCURL.DIR\RELWITHDEBINFO\VERSION.OBJ
H:\GITROOT\TOURDEGIRO\TOURDEGIRO\LIBCURL\LIB\LIBCURL.DIR\RELWITHDEBINFO\WARNLESS.OBJ
H:\GITROOT\TOURDEGIRO\TOURDEGIRO\LIBCURL\LIB\LIBCURL.DIR\RELWITHDEBINFO\WILDCARD.OBJ
h:\gitroot\TourDeGiro\TourDeGiro\libcurl_imp.exp
h:\gitroot\TourDeGiro\TourDeGiro\libcurl_imp.lib
H:\GITROOT\TOURDEGIRO\TOURDEGIRO\RELWITHDEBINFO\LIBCURL.DLL
H:\GITROOT\TOURDEGIRO\TOURDEGIRO\RELWITHDEBINFO\LIBCURL.ILK
