H:\GITROOT\TOURDEGIRO\TOURDEGIRO\RELWITHDEBINFO\TOURDEGIROCOMMON.LIB
H:\GITROOT\TOURDEGIRO\TOURDEGIRO\RELWITHDEBINFO\TOURDEGIROCOMMON.PDB
H:\GITROOT\TOURDEGIRO\TOURDEGIRO\TOURDEGIROCOMMON\CMAKEFILES\GENERATE.STAMP
H:\GITROOT\TOURDEGIRO\TOURDEGIRO\TOURDEGIROCOMMON\TOURDEGIROCOMMON.DIR\RELWITHDEBINFO\ARTSIMPLESPLINE.OBJ
H:\GITROOT\TOURDEGIRO\TOURDEGIRO\TOURDEGIROCOMMON\TOURDEGIROCOMMON.DIR\RELWITHDEBINFO\BREAKPAD.OBJ
H:\gitroot\TourDeGiro\TourDeGiro\TourDeGiroCommon\TourDeGiroCommon.dir\RelWithDebInfo\CL.11512.read.1.tlog
H:\gitroot\TourDeGiro\TourDeGiro\TourDeGiroCommon\TourDeGiroCommon.dir\RelWithDebInfo\CL.11512.write.1.tlog
H:\gitroot\TourDeGiro\TourDeGiro\TourDeGiroCommon\TourDeGiroCommon.dir\RelWithDebInfo\CL.13360.read.1.tlog
H:\gitroot\TourDeGiro\TourDeGiro\TourDeGiroCommon\TourDeGiroCommon.dir\RelWithDebInfo\CL.13360.write.1.tlog
H:\gitroot\TourDeGiro\TourDeGiro\TourDeGiroCommon\TourDeGiroCommon.dir\RelWithDebInfo\CL.14204.read.1.tlog
H:\gitroot\TourDeGiro\TourDeGiro\TourDeGiroCommon\TourDeGiroCommon.dir\RelWithDebInfo\CL.14204.write.1.tlog
H:\gitroot\TourDeGiro\TourDeGiro\TourDeGiroCommon\TourDeGiroCommon.dir\RelWithDebInfo\CL.15480.read.1.tlog
H:\gitroot\TourDeGiro\TourDeGiro\TourDeGiroCommon\TourDeGiroCommon.dir\RelWithDebInfo\CL.15480.write.1.tlog
H:\gitroot\TourDeGiro\TourDeGiro\TourDeGiroCommon\TourDeGiroCommon.dir\RelWithDebInfo\CL.16532.read.1.tlog
H:\gitroot\TourDeGiro\TourDeGiro\TourDeGiroCommon\TourDeGiroCommon.dir\RelWithDebInfo\CL.16532.write.1.tlog
H:\gitroot\TourDeGiro\TourDeGiro\TourDeGiroCommon\TourDeGiroCommon.dir\RelWithDebInfo\CL.17088.read.1.tlog
H:\gitroot\TourDeGiro\TourDeGiro\TourDeGiroCommon\TourDeGiroCommon.dir\RelWithDebInfo\CL.17088.write.1.tlog
H:\gitroot\TourDeGiro\TourDeGiro\TourDeGiroCommon\TourDeGiroCommon.dir\RelWithDebInfo\CL.1748.read.1.tlog
H:\gitroot\TourDeGiro\TourDeGiro\TourDeGiroCommon\TourDeGiroCommon.dir\RelWithDebInfo\CL.1748.write.1.tlog
H:\gitroot\TourDeGiro\TourDeGiro\TourDeGiroCommon\TourDeGiroCommon.dir\RelWithDebInfo\CL.17624.read.1.tlog
H:\gitroot\TourDeGiro\TourDeGiro\TourDeGiroCommon\TourDeGiroCommon.dir\RelWithDebInfo\CL.17624.write.1.tlog
H:\gitroot\TourDeGiro\TourDeGiro\TourDeGiroCommon\TourDeGiroCommon.dir\RelWithDebInfo\CL.18016.read.1.tlog
H:\gitroot\TourDeGiro\TourDeGiro\TourDeGiroCommon\TourDeGiroCommon.dir\RelWithDebInfo\CL.18016.write.1.tlog
H:\gitroot\TourDeGiro\TourDeGiro\TourDeGiroCommon\TourDeGiroCommon.dir\RelWithDebInfo\CL.18396.read.1.tlog
H:\gitroot\TourDeGiro\TourDeGiro\TourDeGiroCommon\TourDeGiroCommon.dir\RelWithDebInfo\CL.18396.write.1.tlog
H:\gitroot\TourDeGiro\TourDeGiro\TourDeGiroCommon\TourDeGiroCommon.dir\RelWithDebInfo\CL.1896.read.1.tlog
H:\gitroot\TourDeGiro\TourDeGiro\TourDeGiroCommon\TourDeGiroCommon.dir\RelWithDebInfo\CL.1896.write.1.tlog
H:\gitroot\TourDeGiro\TourDeGiro\TourDeGiroCommon\TourDeGiroCommon.dir\RelWithDebInfo\CL.19828.read.1.tlog
H:\gitroot\TourDeGiro\TourDeGiro\TourDeGiroCommon\TourDeGiroCommon.dir\RelWithDebInfo\CL.19828.write.1.tlog
H:\gitroot\TourDeGiro\TourDeGiro\TourDeGiroCommon\TourDeGiroCommon.dir\RelWithDebInfo\CL.21424.read.1.tlog
H:\gitroot\TourDeGiro\TourDeGiro\TourDeGiroCommon\TourDeGiroCommon.dir\RelWithDebInfo\CL.21424.write.1.tlog
H:\gitroot\TourDeGiro\TourDeGiro\TourDeGiroCommon\TourDeGiroCommon.dir\RelWithDebInfo\CL.2584.read.1.tlog
H:\gitroot\TourDeGiro\TourDeGiro\TourDeGiroCommon\TourDeGiroCommon.dir\RelWithDebInfo\CL.2584.write.1.tlog
H:\gitroot\TourDeGiro\TourDeGiro\TourDeGiroCommon\TourDeGiroCommon.dir\RelWithDebInfo\CL.7288.read.1.tlog
H:\gitroot\TourDeGiro\TourDeGiro\TourDeGiroCommon\TourDeGiroCommon.dir\RelWithDebInfo\CL.7288.write.1.tlog
H:\gitroot\TourDeGiro\TourDeGiro\TourDeGiroCommon\TourDeGiroCommon.dir\RelWithDebInfo\CL.7444.read.1.tlog
H:\gitroot\TourDeGiro\TourDeGiro\TourDeGiroCommon\TourDeGiroCommon.dir\RelWithDebInfo\CL.7444.write.1.tlog
H:\gitroot\TourDeGiro\TourDeGiro\TourDeGiroCommon\TourDeGiroCommon.dir\RelWithDebInfo\cl.command.1.tlog
H:\gitroot\TourDeGiro\TourDeGiro\TourDeGiroCommon\TourDeGiroCommon.dir\RelWithDebInfo\CL.read.1.tlog
H:\gitroot\TourDeGiro\TourDeGiro\TourDeGiroCommon\TourDeGiroCommon.dir\RelWithDebInfo\CL.write.1.tlog
H:\GITROOT\TOURDEGIRO\TOURDEGIRO\TOURDEGIROCOMMON\TOURDEGIROCOMMON.DIR\RELWITHDEBINFO\COMMSTRUCTS.OBJ
H:\gitroot\TourDeGiro\TourDeGiro\TourDeGiroCommon\TourDeGiroCommon.dir\RelWithDebInfo\custombuild.command.1.tlog
H:\gitroot\TourDeGiro\TourDeGiro\TourDeGiroCommon\TourDeGiroCommon.dir\RelWithDebInfo\custombuild.read.1.tlog
H:\gitroot\TourDeGiro\TourDeGiro\TourDeGiroCommon\TourDeGiroCommon.dir\RelWithDebInfo\custombuild.write.1.tlog
H:\GITROOT\TOURDEGIRO\TOURDEGIRO\TOURDEGIROCOMMON\TOURDEGIROCOMMON.DIR\RELWITHDEBINFO\FILEEXPORTERS.OBJ
H:\gitroot\TourDeGiro\TourDeGiro\TourDeGiroCommon\TourDeGiroCommon.dir\RelWithDebInfo\lib.command.1.tlog
H:\gitroot\TourDeGiro\TourDeGiro\TourDeGiroCommon\TourDeGiroCommon.dir\RelWithDebInfo\Lib-link.read.1.tlog
H:\gitroot\TourDeGiro\TourDeGiro\TourDeGiroCommon\TourDeGiroCommon.dir\RelWithDebInfo\Lib-link.write.1.tlog
H:\GITROOT\TOURDEGIRO\TOURDEGIRO\TOURDEGIROCOMMON\TOURDEGIROCOMMON.DIR\RELWITHDEBINFO\MAP.OBJ
H:\GITROOT\TOURDEGIRO\TOURDEGIRO\TOURDEGIROCOMMON\TOURDEGIROCOMMON.DIR\RELWITHDEBINFO\PLAYER.OBJ
H:\GITROOT\TOURDEGIRO\TOURDEGIRO\TOURDEGIROCOMMON\TOURDEGIROCOMMON.DIR\RELWITHDEBINFO\PLAYERCONSTS.OBJ
H:\GITROOT\TOURDEGIRO\TOURDEGIRO\TOURDEGIROCOMMON\TOURDEGIROCOMMON.DIR\RELWITHDEBINFO\PLAYERTESTS.OBJ
H:\GITROOT\TOURDEGIRO\TOURDEGIRO\TOURDEGIROCOMMON\TOURDEGIROCOMMON.DIR\RELWITHDEBINFO\SPRINTCLIMBIMPL.OBJ
H:\GITROOT\TOURDEGIRO\TOURDEGIRO\TOURDEGIROCOMMON\TOURDEGIROCOMMON.DIR\RELWITHDEBINFO\STATSSTORE.OBJ
H:\GITROOT\TOURDEGIRO\TOURDEGIRO\TOURDEGIROCOMMON\TOURDEGIROCOMMON.DIR\RELWITHDEBINFO\STDAFX.OBJ
H:\GITROOT\TOURDEGIRO\TOURDEGIRO\TOURDEGIROCOMMON\TOURDEGIROCOMMON.DIR\RELWITHDEBINFO\TOOLS.OBJ
H:\GITROOT\TOURDEGIRO\TOURDEGIRO\TOURDEGIROCOMMON\TOURDEGIROCOMMON.DIR\RELWITHDEBINFO\TOURDEGIROCOMMON.PCH
H:\GITROOT\TOURDEGIRO\TOURDEGIRO\TOURDEGIROCOMMON\TOURDEGIROCOMMON.DIR\RELWITHDEBINFO\WEBSTATSSTORE.OBJ
