H:\GITROOT\TOURDEGIRO\TOURDEGIRO\GAMELIB\CMAKEFILES\GENERATE.STAMP
H:\gitroot\TourDeGiro\TourDeGiro\GameLib\GameLib.dir\RelWithDebInfo\CL.10708.read.1.tlog
H:\gitroot\TourDeGiro\TourDeGiro\GameLib\GameLib.dir\RelWithDebInfo\CL.10708.write.1.tlog
H:\gitroot\TourDeGiro\TourDeGiro\GameLib\GameLib.dir\RelWithDebInfo\CL.1080.read.1.tlog
H:\gitroot\TourDeGiro\TourDeGiro\GameLib\GameLib.dir\RelWithDebInfo\CL.1080.write.1.tlog
H:\gitroot\TourDeGiro\TourDeGiro\GameLib\GameLib.dir\RelWithDebInfo\CL.12180.read.1.tlog
H:\gitroot\TourDeGiro\TourDeGiro\GameLib\GameLib.dir\RelWithDebInfo\CL.12180.write.1.tlog
H:\gitroot\TourDeGiro\TourDeGiro\GameLib\GameLib.dir\RelWithDebInfo\CL.13592.read.1.tlog
H:\gitroot\TourDeGiro\TourDeGiro\GameLib\GameLib.dir\RelWithDebInfo\CL.13592.write.1.tlog
H:\gitroot\TourDeGiro\TourDeGiro\GameLib\GameLib.dir\RelWithDebInfo\CL.13796.read.1.tlog
H:\gitroot\TourDeGiro\TourDeGiro\GameLib\GameLib.dir\RelWithDebInfo\CL.13796.write.1.tlog
H:\gitroot\TourDeGiro\TourDeGiro\GameLib\GameLib.dir\RelWithDebInfo\CL.14716.read.1.tlog
H:\gitroot\TourDeGiro\TourDeGiro\GameLib\GameLib.dir\RelWithDebInfo\CL.14716.write.1.tlog
H:\gitroot\TourDeGiro\TourDeGiro\GameLib\GameLib.dir\RelWithDebInfo\CL.15832.read.1.tlog
H:\gitroot\TourDeGiro\TourDeGiro\GameLib\GameLib.dir\RelWithDebInfo\CL.15832.write.1.tlog
H:\gitroot\TourDeGiro\TourDeGiro\GameLib\GameLib.dir\RelWithDebInfo\CL.16812.read.1.tlog
H:\gitroot\TourDeGiro\TourDeGiro\GameLib\GameLib.dir\RelWithDebInfo\CL.16812.write.1.tlog
H:\gitroot\TourDeGiro\TourDeGiro\GameLib\GameLib.dir\RelWithDebInfo\CL.17276.read.1.tlog
H:\gitroot\TourDeGiro\TourDeGiro\GameLib\GameLib.dir\RelWithDebInfo\CL.17276.write.1.tlog
H:\gitroot\TourDeGiro\TourDeGiro\GameLib\GameLib.dir\RelWithDebInfo\CL.17616.read.1.tlog
H:\gitroot\TourDeGiro\TourDeGiro\GameLib\GameLib.dir\RelWithDebInfo\CL.17616.write.1.tlog
H:\gitroot\TourDeGiro\TourDeGiro\GameLib\GameLib.dir\RelWithDebInfo\CL.2060.read.1.tlog
H:\gitroot\TourDeGiro\TourDeGiro\GameLib\GameLib.dir\RelWithDebInfo\CL.2060.write.1.tlog
H:\gitroot\TourDeGiro\TourDeGiro\GameLib\GameLib.dir\RelWithDebInfo\CL.2628.read.1.tlog
H:\gitroot\TourDeGiro\TourDeGiro\GameLib\GameLib.dir\RelWithDebInfo\CL.2628.write.1.tlog
H:\gitroot\TourDeGiro\TourDeGiro\GameLib\GameLib.dir\RelWithDebInfo\CL.8744.read.1.tlog
H:\gitroot\TourDeGiro\TourDeGiro\GameLib\GameLib.dir\RelWithDebInfo\CL.8744.write.1.tlog
H:\gitroot\TourDeGiro\TourDeGiro\GameLib\GameLib.dir\RelWithDebInfo\CL.8752.read.1.tlog
H:\gitroot\TourDeGiro\TourDeGiro\GameLib\GameLib.dir\RelWithDebInfo\CL.8752.write.1.tlog
H:\gitroot\TourDeGiro\TourDeGiro\GameLib\GameLib.dir\RelWithDebInfo\cl.command.1.tlog
H:\gitroot\TourDeGiro\TourDeGiro\GameLib\GameLib.dir\RelWithDebInfo\CL.read.1.tlog
H:\gitroot\TourDeGiro\TourDeGiro\GameLib\GameLib.dir\RelWithDebInfo\CL.write.1.tlog
H:\gitroot\TourDeGiro\TourDeGiro\GameLib\GameLib.dir\RelWithDebInfo\custombuild.command.1.tlog
H:\gitroot\TourDeGiro\TourDeGiro\GameLib\GameLib.dir\RelWithDebInfo\custombuild.read.1.tlog
H:\gitroot\TourDeGiro\TourDeGiro\GameLib\GameLib.dir\RelWithDebInfo\custombuild.write.1.tlog
H:\GITROOT\TOURDEGIRO\TOURDEGIRO\GAMELIB\GAMELIB.DIR\RELWITHDEBINFO\GAME.OBJ
H:\GITROOT\TOURDEGIRO\TOURDEGIRO\GAMELIB\GAMELIB.DIR\RELWITHDEBINFO\GAMESHARED.OBJ
H:\gitroot\TourDeGiro\TourDeGiro\GameLib\GameLib.dir\RelWithDebInfo\lib.command.1.tlog
H:\gitroot\TourDeGiro\TourDeGiro\GameLib\GameLib.dir\RelWithDebInfo\Lib-link.read.1.tlog
H:\gitroot\TourDeGiro\TourDeGiro\GameLib\GameLib.dir\RelWithDebInfo\Lib-link.write.1.tlog
H:\GITROOT\TOURDEGIRO\TOURDEGIRO\GAMELIB\GAMELIB.DIR\RELWITHDEBINFO\LOCALSTATSSTORE.OBJ
H:\GITROOT\TOURDEGIRO\TOURDEGIRO\GAMELIB\GAMELIB.DIR\RELWITHDEBINFO\MAPMANAGER.OBJ
H:\GITROOT\TOURDEGIRO\TOURDEGIRO\GAMELIB\GAMELIB.DIR\RELWITHDEBINFO\SERVERQUERYER.OBJ
H:\gitroot\TourDeGiro\TourDeGiro\GameLib\GameLib.dir\RelWithDebInfo\stdafx.obj
H:\GITROOT\TOURDEGIRO\TOURDEGIRO\GAMELIB\GAMELIB.DIR\RELWITHDEBINFO\TRAININGPLANLOGIC.OBJ
H:\GITROOT\TOURDEGIRO\TOURDEGIRO\RELWITHDEBINFO\GAMELIB.LIB
H:\GITROOT\TOURDEGIRO\TOURDEGIRO\RELWITHDEBINFO\GAMELIB.PDB
