H:\GITROOT\TOURDEGIRO\TOURDEGIRO\RELWITHDEBINFO\ZLIB1.DLL
h:\gitroot\TourDeGiro\TourDeGiro\RelWithDebInfo\zlib1.exp
H:\GITROOT\TOURDEGIRO\TOURDEGIRO\RELWITHDEBINFO\ZLIB1.ILK
h:\gitroot\TourDeGiro\TourDeGiro\RelWithDebInfo\zlib1.lib
H:\GITROOT\TOURDEGIRO\TOURDEGIRO\RELWITHDEBINFO\ZLIB1.PDB
H:\GITROOT\TOURDEGIRO\TOURDEGIRO\ZLIB-1.2.8\CMAKEFILES\GENERATE.STAMP
H:\GITROOT\TOURDEGIRO\TOURDEGIRO\ZLIB-1.2.8\ZLIB1.DIR\RELWITHDEBINFO\ADLER32.OBJ
H:\gitroot\TourDeGiro\TourDeGiro\zlib-1.2.8\zlib1.dir\RelWithDebInfo\CL.11576.read.1.tlog
H:\gitroot\TourDeGiro\TourDeGiro\zlib-1.2.8\zlib1.dir\RelWithDebInfo\CL.11576.write.1.tlog
H:\gitroot\TourDeGiro\TourDeGiro\zlib-1.2.8\zlib1.dir\RelWithDebInfo\CL.11696.read.1.tlog
H:\gitroot\TourDeGiro\TourDeGiro\zlib-1.2.8\zlib1.dir\RelWithDebInfo\CL.11696.write.1.tlog
H:\gitroot\TourDeGiro\TourDeGiro\zlib-1.2.8\zlib1.dir\RelWithDebInfo\CL.11856.read.1.tlog
H:\gitroot\TourDeGiro\TourDeGiro\zlib-1.2.8\zlib1.dir\RelWithDebInfo\CL.11856.write.1.tlog
H:\gitroot\TourDeGiro\TourDeGiro\zlib-1.2.8\zlib1.dir\RelWithDebInfo\CL.13272.read.1.tlog
H:\gitroot\TourDeGiro\TourDeGiro\zlib-1.2.8\zlib1.dir\RelWithDebInfo\CL.13272.write.1.tlog
H:\gitroot\TourDeGiro\TourDeGiro\zlib-1.2.8\zlib1.dir\RelWithDebInfo\CL.13348.read.1.tlog
H:\gitroot\TourDeGiro\TourDeGiro\zlib-1.2.8\zlib1.dir\RelWithDebInfo\CL.13348.write.1.tlog
H:\gitroot\TourDeGiro\TourDeGiro\zlib-1.2.8\zlib1.dir\RelWithDebInfo\CL.15000.read.1.tlog
H:\gitroot\TourDeGiro\TourDeGiro\zlib-1.2.8\zlib1.dir\RelWithDebInfo\CL.15000.write.1.tlog
H:\gitroot\TourDeGiro\TourDeGiro\zlib-1.2.8\zlib1.dir\RelWithDebInfo\CL.15724.read.1.tlog
H:\gitroot\TourDeGiro\TourDeGiro\zlib-1.2.8\zlib1.dir\RelWithDebInfo\CL.15724.write.1.tlog
H:\gitroot\TourDeGiro\TourDeGiro\zlib-1.2.8\zlib1.dir\RelWithDebInfo\CL.16132.read.1.tlog
H:\gitroot\TourDeGiro\TourDeGiro\zlib-1.2.8\zlib1.dir\RelWithDebInfo\CL.16132.write.1.tlog
H:\gitroot\TourDeGiro\TourDeGiro\zlib-1.2.8\zlib1.dir\RelWithDebInfo\CL.16712.read.1.tlog
H:\gitroot\TourDeGiro\TourDeGiro\zlib-1.2.8\zlib1.dir\RelWithDebInfo\CL.16712.write.1.tlog
H:\gitroot\TourDeGiro\TourDeGiro\zlib-1.2.8\zlib1.dir\RelWithDebInfo\CL.16736.read.1.tlog
H:\gitroot\TourDeGiro\TourDeGiro\zlib-1.2.8\zlib1.dir\RelWithDebInfo\CL.16736.write.1.tlog
H:\gitroot\TourDeGiro\TourDeGiro\zlib-1.2.8\zlib1.dir\RelWithDebInfo\CL.18240.read.1.tlog
H:\gitroot\TourDeGiro\TourDeGiro\zlib-1.2.8\zlib1.dir\RelWithDebInfo\CL.18240.write.1.tlog
H:\gitroot\TourDeGiro\TourDeGiro\zlib-1.2.8\zlib1.dir\RelWithDebInfo\CL.1840.read.1.tlog
H:\gitroot\TourDeGiro\TourDeGiro\zlib-1.2.8\zlib1.dir\RelWithDebInfo\CL.1840.write.1.tlog
H:\gitroot\TourDeGiro\TourDeGiro\zlib-1.2.8\zlib1.dir\RelWithDebInfo\CL.18744.read.1.tlog
H:\gitroot\TourDeGiro\TourDeGiro\zlib-1.2.8\zlib1.dir\RelWithDebInfo\CL.18744.write.1.tlog
H:\gitroot\TourDeGiro\TourDeGiro\zlib-1.2.8\zlib1.dir\RelWithDebInfo\CL.18932.read.1.tlog
H:\gitroot\TourDeGiro\TourDeGiro\zlib-1.2.8\zlib1.dir\RelWithDebInfo\CL.18932.write.1.tlog
H:\gitroot\TourDeGiro\TourDeGiro\zlib-1.2.8\zlib1.dir\RelWithDebInfo\CL.19432.read.1.tlog
H:\gitroot\TourDeGiro\TourDeGiro\zlib-1.2.8\zlib1.dir\RelWithDebInfo\CL.19432.write.1.tlog
H:\gitroot\TourDeGiro\TourDeGiro\zlib-1.2.8\zlib1.dir\RelWithDebInfo\CL.19576.read.1.tlog
H:\gitroot\TourDeGiro\TourDeGiro\zlib-1.2.8\zlib1.dir\RelWithDebInfo\CL.19576.write.1.tlog
H:\gitroot\TourDeGiro\TourDeGiro\zlib-1.2.8\zlib1.dir\RelWithDebInfo\CL.1964.read.1.tlog
H:\gitroot\TourDeGiro\TourDeGiro\zlib-1.2.8\zlib1.dir\RelWithDebInfo\CL.1964.write.1.tlog
H:\gitroot\TourDeGiro\TourDeGiro\zlib-1.2.8\zlib1.dir\RelWithDebInfo\CL.19668.read.1.tlog
H:\gitroot\TourDeGiro\TourDeGiro\zlib-1.2.8\zlib1.dir\RelWithDebInfo\CL.19668.write.1.tlog
H:\gitroot\TourDeGiro\TourDeGiro\zlib-1.2.8\zlib1.dir\RelWithDebInfo\CL.20044.read.1.tlog
H:\gitroot\TourDeGiro\TourDeGiro\zlib-1.2.8\zlib1.dir\RelWithDebInfo\CL.20044.write.1.tlog
H:\gitroot\TourDeGiro\TourDeGiro\zlib-1.2.8\zlib1.dir\RelWithDebInfo\CL.20176.read.1.tlog
H:\gitroot\TourDeGiro\TourDeGiro\zlib-1.2.8\zlib1.dir\RelWithDebInfo\CL.20176.write.1.tlog
H:\gitroot\TourDeGiro\TourDeGiro\zlib-1.2.8\zlib1.dir\RelWithDebInfo\CL.20272.read.1.tlog
H:\gitroot\TourDeGiro\TourDeGiro\zlib-1.2.8\zlib1.dir\RelWithDebInfo\CL.20272.write.1.tlog
H:\gitroot\TourDeGiro\TourDeGiro\zlib-1.2.8\zlib1.dir\RelWithDebInfo\CL.20464.read.1.tlog
H:\gitroot\TourDeGiro\TourDeGiro\zlib-1.2.8\zlib1.dir\RelWithDebInfo\CL.20464.write.1.tlog
H:\gitroot\TourDeGiro\TourDeGiro\zlib-1.2.8\zlib1.dir\RelWithDebInfo\CL.21256.read.1.tlog
H:\gitroot\TourDeGiro\TourDeGiro\zlib-1.2.8\zlib1.dir\RelWithDebInfo\CL.21256.write.1.tlog
H:\gitroot\TourDeGiro\TourDeGiro\zlib-1.2.8\zlib1.dir\RelWithDebInfo\CL.21468.read.1.tlog
H:\gitroot\TourDeGiro\TourDeGiro\zlib-1.2.8\zlib1.dir\RelWithDebInfo\CL.21468.write.1.tlog
H:\gitroot\TourDeGiro\TourDeGiro\zlib-1.2.8\zlib1.dir\RelWithDebInfo\CL.3096.read.1.tlog
H:\gitroot\TourDeGiro\TourDeGiro\zlib-1.2.8\zlib1.dir\RelWithDebInfo\CL.3096.write.1.tlog
H:\gitroot\TourDeGiro\TourDeGiro\zlib-1.2.8\zlib1.dir\RelWithDebInfo\CL.7216.read.1.tlog
H:\gitroot\TourDeGiro\TourDeGiro\zlib-1.2.8\zlib1.dir\RelWithDebInfo\CL.7216.write.1.tlog
H:\gitroot\TourDeGiro\TourDeGiro\zlib-1.2.8\zlib1.dir\RelWithDebInfo\CL.784.read.1.tlog
H:\gitroot\TourDeGiro\TourDeGiro\zlib-1.2.8\zlib1.dir\RelWithDebInfo\CL.784.write.1.tlog
H:\gitroot\TourDeGiro\TourDeGiro\zlib-1.2.8\zlib1.dir\RelWithDebInfo\CL.8092.read.1.tlog
H:\gitroot\TourDeGiro\TourDeGiro\zlib-1.2.8\zlib1.dir\RelWithDebInfo\CL.8092.write.1.tlog
H:\gitroot\TourDeGiro\TourDeGiro\zlib-1.2.8\zlib1.dir\RelWithDebInfo\CL.8480.read.1.tlog
H:\gitroot\TourDeGiro\TourDeGiro\zlib-1.2.8\zlib1.dir\RelWithDebInfo\CL.8480.write.1.tlog
H:\gitroot\TourDeGiro\TourDeGiro\zlib-1.2.8\zlib1.dir\RelWithDebInfo\CL.8516.read.1.tlog
H:\gitroot\TourDeGiro\TourDeGiro\zlib-1.2.8\zlib1.dir\RelWithDebInfo\CL.8516.write.1.tlog
H:\gitroot\TourDeGiro\TourDeGiro\zlib-1.2.8\zlib1.dir\RelWithDebInfo\CL.8820.read.1.tlog
H:\gitroot\TourDeGiro\TourDeGiro\zlib-1.2.8\zlib1.dir\RelWithDebInfo\CL.8820.write.1.tlog
H:\gitroot\TourDeGiro\TourDeGiro\zlib-1.2.8\zlib1.dir\RelWithDebInfo\CL.8944.read.1.tlog
H:\gitroot\TourDeGiro\TourDeGiro\zlib-1.2.8\zlib1.dir\RelWithDebInfo\CL.8944.write.1.tlog
H:\gitroot\TourDeGiro\TourDeGiro\zlib-1.2.8\zlib1.dir\RelWithDebInfo\cl.command.1.tlog
H:\gitroot\TourDeGiro\TourDeGiro\zlib-1.2.8\zlib1.dir\RelWithDebInfo\CL.read.1.tlog
H:\gitroot\TourDeGiro\TourDeGiro\zlib-1.2.8\zlib1.dir\RelWithDebInfo\cl.write.1.tlog
H:\GITROOT\TOURDEGIRO\TOURDEGIRO\ZLIB-1.2.8\ZLIB1.DIR\RELWITHDEBINFO\COMPRESS.OBJ
H:\GITROOT\TOURDEGIRO\TOURDEGIRO\ZLIB-1.2.8\ZLIB1.DIR\RELWITHDEBINFO\CRC32.OBJ
H:\gitroot\TourDeGiro\TourDeGiro\zlib-1.2.8\zlib1.dir\RelWithDebInfo\custombuild.command.1.tlog
H:\gitroot\TourDeGiro\TourDeGiro\zlib-1.2.8\zlib1.dir\RelWithDebInfo\custombuild.read.1.tlog
H:\gitroot\TourDeGiro\TourDeGiro\zlib-1.2.8\zlib1.dir\RelWithDebInfo\custombuild.write.1.tlog
H:\GITROOT\TOURDEGIRO\TOURDEGIRO\ZLIB-1.2.8\ZLIB1.DIR\RELWITHDEBINFO\DEFLATE.OBJ
H:\GITROOT\TOURDEGIRO\TOURDEGIRO\ZLIB-1.2.8\ZLIB1.DIR\RELWITHDEBINFO\GZCLOSE.OBJ
H:\GITROOT\TOURDEGIRO\TOURDEGIRO\ZLIB-1.2.8\ZLIB1.DIR\RELWITHDEBINFO\GZLIB.OBJ
H:\GITROOT\TOURDEGIRO\TOURDEGIRO\ZLIB-1.2.8\ZLIB1.DIR\RELWITHDEBINFO\GZREAD.OBJ
H:\GITROOT\TOURDEGIRO\TOURDEGIRO\ZLIB-1.2.8\ZLIB1.DIR\RELWITHDEBINFO\GZWRITE.OBJ
H:\GITROOT\TOURDEGIRO\TOURDEGIRO\ZLIB-1.2.8\ZLIB1.DIR\RELWITHDEBINFO\INFBACK.OBJ
H:\GITROOT\TOURDEGIRO\TOURDEGIRO\ZLIB-1.2.8\ZLIB1.DIR\RELWITHDEBINFO\INFFAST.OBJ
H:\GITROOT\TOURDEGIRO\TOURDEGIRO\ZLIB-1.2.8\ZLIB1.DIR\RELWITHDEBINFO\INFLATE.OBJ
H:\GITROOT\TOURDEGIRO\TOURDEGIRO\ZLIB-1.2.8\ZLIB1.DIR\RELWITHDEBINFO\INFTREES.OBJ
H:\gitroot\TourDeGiro\TourDeGiro\zlib-1.2.8\zlib1.dir\RelWithDebInfo\link.command.1.tlog
H:\gitroot\TourDeGiro\TourDeGiro\zlib-1.2.8\zlib1.dir\RelWithDebInfo\link.read.1.tlog
H:\gitroot\TourDeGiro\TourDeGiro\zlib-1.2.8\zlib1.dir\RelWithDebInfo\link.write.1.tlog
H:\gitroot\TourDeGiro\TourDeGiro\zlib-1.2.8\zlib1.dir\RelWithDebInfo\link-cvtres.read.1.tlog
H:\gitroot\TourDeGiro\TourDeGiro\zlib-1.2.8\zlib1.dir\RelWithDebInfo\link-cvtres.write.1.tlog
H:\gitroot\TourDeGiro\TourDeGiro\zlib-1.2.8\zlib1.dir\RelWithDebInfo\mt.command.1.tlog
H:\gitroot\TourDeGiro\TourDeGiro\zlib-1.2.8\zlib1.dir\RelWithDebInfo\mt.read.1.tlog
H:\gitroot\TourDeGiro\TourDeGiro\zlib-1.2.8\zlib1.dir\RelWithDebInfo\mt.write.1.tlog
H:\gitroot\TourDeGiro\TourDeGiro\zlib-1.2.8\zlib1.dir\RelWithDebInfo\rc.command.1.tlog
H:\gitroot\TourDeGiro\TourDeGiro\zlib-1.2.8\zlib1.dir\RelWithDebInfo\rc.read.1.tlog
H:\gitroot\TourDeGiro\TourDeGiro\zlib-1.2.8\zlib1.dir\RelWithDebInfo\rc.write.1.tlog
H:\GITROOT\TOURDEGIRO\TOURDEGIRO\ZLIB-1.2.8\ZLIB1.DIR\RELWITHDEBINFO\TREES.OBJ
H:\GITROOT\TOURDEGIRO\TOURDEGIRO\ZLIB-1.2.8\ZLIB1.DIR\RELWITHDEBINFO\UNCOMPR.OBJ
H:\GITROOT\TOURDEGIRO\TOURDEGIRO\ZLIB-1.2.8\ZLIB1.DIR\RELWITHDEBINFO\ZLIB1.DLL.EMBED.MANIFEST
H:\GITROOT\TOURDEGIRO\TOURDEGIRO\ZLIB-1.2.8\ZLIB1.DIR\RELWITHDEBINFO\ZLIB1.DLL.EMBED.MANIFEST.RES
H:\GITROOT\TOURDEGIRO\TOURDEGIRO\ZLIB-1.2.8\ZLIB1.DIR\RELWITHDEBINFO\ZLIB1.DLL.INTERMEDIATE.MANIFEST
H:\GITROOT\TOURDEGIRO\TOURDEGIRO\ZLIB-1.2.8\ZLIB1.DIR\RELWITHDEBINFO\ZLIB1.RES
H:\gitroot\TourDeGiro\TourDeGiro\zlib-1.2.8\zlib1.dir\RelWithDebInfo\zlib1.write.1.tlog
H:\gitroot\TourDeGiro\TourDeGiro\zlib-1.2.8\zlib1.dir\RelWithDebInfo\zlib1_manifest.rc
H:\GITROOT\TOURDEGIRO\TOURDEGIRO\ZLIB-1.2.8\ZLIB1.DIR\RELWITHDEBINFO\ZUTIL.OBJ
