H:\GITROOT\TOURDEGIRO\TOURDEGIRO\ARTLIB\ARTLIB.DIR\RELWITHDEBINFO\ARTLIB.PCH
H:\GITROOT\TOURDEGIRO\TOURDEGIRO\ARTLIB\ARTLIB.DIR\RELWITHDEBINFO\ARTNET.OBJ
H:\GITROOT\TOURDEGIRO\TOURDEGIRO\ARTLIB\ARTLIB.DIR\RELWITHDEBINFO\ARTTOOLS.OBJ
H:\GITROOT\TOURDEGIRO\TOURDEGIRO\ARTLIB\ARTLIB.DIR\RELWITHDEBINFO\ARTVECTOR.OBJ
H:\GITROOT\TOURDEGIRO\TOURDEGIRO\ARTLIB\ARTLIB.DIR\RELWITHDEBINFO\AUTOCS.OBJ
H:\GITROOT\TOURDEGIRO\TOURDEGIRO\ARTLIB\ARTLIB.DIR\RELWITHDEBINFO\BOOSTNET.OBJ
H:\gitroot\TourDeGiro\TourDeGiro\ArtLib\ArtLib.dir\RelWithDebInfo\CL.10440.read.1.tlog
H:\gitroot\TourDeGiro\TourDeGiro\ArtLib\ArtLib.dir\RelWithDebInfo\CL.10440.write.1.tlog
H:\gitroot\TourDeGiro\TourDeGiro\ArtLib\ArtLib.dir\RelWithDebInfo\CL.12076.read.1.tlog
H:\gitroot\TourDeGiro\TourDeGiro\ArtLib\ArtLib.dir\RelWithDebInfo\CL.12076.write.1.tlog
H:\gitroot\TourDeGiro\TourDeGiro\ArtLib\ArtLib.dir\RelWithDebInfo\CL.12524.read.1.tlog
H:\gitroot\TourDeGiro\TourDeGiro\ArtLib\ArtLib.dir\RelWithDebInfo\CL.12524.write.1.tlog
H:\gitroot\TourDeGiro\TourDeGiro\ArtLib\ArtLib.dir\RelWithDebInfo\CL.12672.read.1.tlog
H:\gitroot\TourDeGiro\TourDeGiro\ArtLib\ArtLib.dir\RelWithDebInfo\CL.12672.write.1.tlog
H:\gitroot\TourDeGiro\TourDeGiro\ArtLib\ArtLib.dir\RelWithDebInfo\CL.12784.read.1.tlog
H:\gitroot\TourDeGiro\TourDeGiro\ArtLib\ArtLib.dir\RelWithDebInfo\CL.12784.write.1.tlog
H:\gitroot\TourDeGiro\TourDeGiro\ArtLib\ArtLib.dir\RelWithDebInfo\CL.13448.read.1.tlog
H:\gitroot\TourDeGiro\TourDeGiro\ArtLib\ArtLib.dir\RelWithDebInfo\CL.13448.write.1.tlog
H:\gitroot\TourDeGiro\TourDeGiro\ArtLib\ArtLib.dir\RelWithDebInfo\CL.13680.read.1.tlog
H:\gitroot\TourDeGiro\TourDeGiro\ArtLib\ArtLib.dir\RelWithDebInfo\CL.13680.write.1.tlog
H:\gitroot\TourDeGiro\TourDeGiro\ArtLib\ArtLib.dir\RelWithDebInfo\CL.13716.read.1.tlog
H:\gitroot\TourDeGiro\TourDeGiro\ArtLib\ArtLib.dir\RelWithDebInfo\CL.13716.write.1.tlog
H:\gitroot\TourDeGiro\TourDeGiro\ArtLib\ArtLib.dir\RelWithDebInfo\CL.14008.read.1.tlog
H:\gitroot\TourDeGiro\TourDeGiro\ArtLib\ArtLib.dir\RelWithDebInfo\CL.14008.write.1.tlog
H:\gitroot\TourDeGiro\TourDeGiro\ArtLib\ArtLib.dir\RelWithDebInfo\CL.14368.read.1.tlog
H:\gitroot\TourDeGiro\TourDeGiro\ArtLib\ArtLib.dir\RelWithDebInfo\CL.14368.write.1.tlog
H:\gitroot\TourDeGiro\TourDeGiro\ArtLib\ArtLib.dir\RelWithDebInfo\CL.14884.read.1.tlog
H:\gitroot\TourDeGiro\TourDeGiro\ArtLib\ArtLib.dir\RelWithDebInfo\CL.14884.write.1.tlog
H:\gitroot\TourDeGiro\TourDeGiro\ArtLib\ArtLib.dir\RelWithDebInfo\CL.14964.read.1.tlog
H:\gitroot\TourDeGiro\TourDeGiro\ArtLib\ArtLib.dir\RelWithDebInfo\CL.14964.write.1.tlog
H:\gitroot\TourDeGiro\TourDeGiro\ArtLib\ArtLib.dir\RelWithDebInfo\CL.15796.read.1.tlog
H:\gitroot\TourDeGiro\TourDeGiro\ArtLib\ArtLib.dir\RelWithDebInfo\CL.15796.write.1.tlog
H:\gitroot\TourDeGiro\TourDeGiro\ArtLib\ArtLib.dir\RelWithDebInfo\CL.15924.read.1.tlog
H:\gitroot\TourDeGiro\TourDeGiro\ArtLib\ArtLib.dir\RelWithDebInfo\CL.15924.write.1.tlog
H:\gitroot\TourDeGiro\TourDeGiro\ArtLib\ArtLib.dir\RelWithDebInfo\CL.16224.read.1.tlog
H:\gitroot\TourDeGiro\TourDeGiro\ArtLib\ArtLib.dir\RelWithDebInfo\CL.16224.write.1.tlog
H:\gitroot\TourDeGiro\TourDeGiro\ArtLib\ArtLib.dir\RelWithDebInfo\CL.16304.read.1.tlog
H:\gitroot\TourDeGiro\TourDeGiro\ArtLib\ArtLib.dir\RelWithDebInfo\CL.16304.write.1.tlog
H:\gitroot\TourDeGiro\TourDeGiro\ArtLib\ArtLib.dir\RelWithDebInfo\CL.16556.read.1.tlog
H:\gitroot\TourDeGiro\TourDeGiro\ArtLib\ArtLib.dir\RelWithDebInfo\CL.16556.write.1.tlog
H:\gitroot\TourDeGiro\TourDeGiro\ArtLib\ArtLib.dir\RelWithDebInfo\CL.16720.read.1.tlog
H:\gitroot\TourDeGiro\TourDeGiro\ArtLib\ArtLib.dir\RelWithDebInfo\CL.16720.write.1.tlog
H:\gitroot\TourDeGiro\TourDeGiro\ArtLib\ArtLib.dir\RelWithDebInfo\CL.17472.read.1.tlog
H:\gitroot\TourDeGiro\TourDeGiro\ArtLib\ArtLib.dir\RelWithDebInfo\CL.17472.write.1.tlog
H:\gitroot\TourDeGiro\TourDeGiro\ArtLib\ArtLib.dir\RelWithDebInfo\CL.17500.read.1.tlog
H:\gitroot\TourDeGiro\TourDeGiro\ArtLib\ArtLib.dir\RelWithDebInfo\CL.17500.write.1.tlog
H:\gitroot\TourDeGiro\TourDeGiro\ArtLib\ArtLib.dir\RelWithDebInfo\CL.17984.read.1.tlog
H:\gitroot\TourDeGiro\TourDeGiro\ArtLib\ArtLib.dir\RelWithDebInfo\CL.17984.write.1.tlog
H:\gitroot\TourDeGiro\TourDeGiro\ArtLib\ArtLib.dir\RelWithDebInfo\CL.18196.read.1.tlog
H:\gitroot\TourDeGiro\TourDeGiro\ArtLib\ArtLib.dir\RelWithDebInfo\CL.18196.write.1.tlog
H:\gitroot\TourDeGiro\TourDeGiro\ArtLib\ArtLib.dir\RelWithDebInfo\CL.1836.read.1.tlog
H:\gitroot\TourDeGiro\TourDeGiro\ArtLib\ArtLib.dir\RelWithDebInfo\CL.1836.write.1.tlog
H:\gitroot\TourDeGiro\TourDeGiro\ArtLib\ArtLib.dir\RelWithDebInfo\CL.18580.read.1.tlog
H:\gitroot\TourDeGiro\TourDeGiro\ArtLib\ArtLib.dir\RelWithDebInfo\CL.18580.write.1.tlog
H:\gitroot\TourDeGiro\TourDeGiro\ArtLib\ArtLib.dir\RelWithDebInfo\CL.19776.read.1.tlog
H:\gitroot\TourDeGiro\TourDeGiro\ArtLib\ArtLib.dir\RelWithDebInfo\CL.19776.write.1.tlog
H:\gitroot\TourDeGiro\TourDeGiro\ArtLib\ArtLib.dir\RelWithDebInfo\CL.20172.read.1.tlog
H:\gitroot\TourDeGiro\TourDeGiro\ArtLib\ArtLib.dir\RelWithDebInfo\CL.20172.write.1.tlog
H:\gitroot\TourDeGiro\TourDeGiro\ArtLib\ArtLib.dir\RelWithDebInfo\CL.20532.read.1.tlog
H:\gitroot\TourDeGiro\TourDeGiro\ArtLib\ArtLib.dir\RelWithDebInfo\CL.20532.write.1.tlog
H:\gitroot\TourDeGiro\TourDeGiro\ArtLib\ArtLib.dir\RelWithDebInfo\CL.20632.read.1.tlog
H:\gitroot\TourDeGiro\TourDeGiro\ArtLib\ArtLib.dir\RelWithDebInfo\CL.20632.write.1.tlog
H:\gitroot\TourDeGiro\TourDeGiro\ArtLib\ArtLib.dir\RelWithDebInfo\CL.20740.read.1.tlog
H:\gitroot\TourDeGiro\TourDeGiro\ArtLib\ArtLib.dir\RelWithDebInfo\CL.20740.write.1.tlog
H:\gitroot\TourDeGiro\TourDeGiro\ArtLib\ArtLib.dir\RelWithDebInfo\CL.20864.read.1.tlog
H:\gitroot\TourDeGiro\TourDeGiro\ArtLib\ArtLib.dir\RelWithDebInfo\CL.20864.write.1.tlog
H:\gitroot\TourDeGiro\TourDeGiro\ArtLib\ArtLib.dir\RelWithDebInfo\CL.20876.read.1.tlog
H:\gitroot\TourDeGiro\TourDeGiro\ArtLib\ArtLib.dir\RelWithDebInfo\CL.20876.write.1.tlog
H:\gitroot\TourDeGiro\TourDeGiro\ArtLib\ArtLib.dir\RelWithDebInfo\CL.20880.read.1.tlog
H:\gitroot\TourDeGiro\TourDeGiro\ArtLib\ArtLib.dir\RelWithDebInfo\CL.20880.write.1.tlog
H:\gitroot\TourDeGiro\TourDeGiro\ArtLib\ArtLib.dir\RelWithDebInfo\CL.2384.read.1.tlog
H:\gitroot\TourDeGiro\TourDeGiro\ArtLib\ArtLib.dir\RelWithDebInfo\CL.2384.write.1.tlog
H:\gitroot\TourDeGiro\TourDeGiro\ArtLib\ArtLib.dir\RelWithDebInfo\CL.4840.read.1.tlog
H:\gitroot\TourDeGiro\TourDeGiro\ArtLib\ArtLib.dir\RelWithDebInfo\CL.4840.write.1.tlog
H:\gitroot\TourDeGiro\TourDeGiro\ArtLib\ArtLib.dir\RelWithDebInfo\CL.5868.read.1.tlog
H:\gitroot\TourDeGiro\TourDeGiro\ArtLib\ArtLib.dir\RelWithDebInfo\CL.5868.write.1.tlog
H:\gitroot\TourDeGiro\TourDeGiro\ArtLib\ArtLib.dir\RelWithDebInfo\CL.5920.read.1.tlog
H:\gitroot\TourDeGiro\TourDeGiro\ArtLib\ArtLib.dir\RelWithDebInfo\CL.5920.write.1.tlog
H:\gitroot\TourDeGiro\TourDeGiro\ArtLib\ArtLib.dir\RelWithDebInfo\CL.6184.read.1.tlog
H:\gitroot\TourDeGiro\TourDeGiro\ArtLib\ArtLib.dir\RelWithDebInfo\CL.6184.write.1.tlog
H:\gitroot\TourDeGiro\TourDeGiro\ArtLib\ArtLib.dir\RelWithDebInfo\CL.6368.read.1.tlog
H:\gitroot\TourDeGiro\TourDeGiro\ArtLib\ArtLib.dir\RelWithDebInfo\CL.6368.write.1.tlog
H:\gitroot\TourDeGiro\TourDeGiro\ArtLib\ArtLib.dir\RelWithDebInfo\CL.6920.read.1.tlog
H:\gitroot\TourDeGiro\TourDeGiro\ArtLib\ArtLib.dir\RelWithDebInfo\CL.6920.write.1.tlog
H:\gitroot\TourDeGiro\TourDeGiro\ArtLib\ArtLib.dir\RelWithDebInfo\CL.6968.read.1.tlog
H:\gitroot\TourDeGiro\TourDeGiro\ArtLib\ArtLib.dir\RelWithDebInfo\CL.6968.write.1.tlog
H:\gitroot\TourDeGiro\TourDeGiro\ArtLib\ArtLib.dir\RelWithDebInfo\CL.7372.read.1.tlog
H:\gitroot\TourDeGiro\TourDeGiro\ArtLib\ArtLib.dir\RelWithDebInfo\CL.7372.write.1.tlog
H:\gitroot\TourDeGiro\TourDeGiro\ArtLib\ArtLib.dir\RelWithDebInfo\CL.7956.read.1.tlog
H:\gitroot\TourDeGiro\TourDeGiro\ArtLib\ArtLib.dir\RelWithDebInfo\CL.7956.write.1.tlog
H:\gitroot\TourDeGiro\TourDeGiro\ArtLib\ArtLib.dir\RelWithDebInfo\cl.command.1.tlog
H:\gitroot\TourDeGiro\TourDeGiro\ArtLib\ArtLib.dir\RelWithDebInfo\CL.read.1.tlog
H:\gitroot\TourDeGiro\TourDeGiro\ArtLib\ArtLib.dir\RelWithDebInfo\CL.write.1.tlog
H:\gitroot\TourDeGiro\TourDeGiro\ArtLib\ArtLib.dir\RelWithDebInfo\custombuild.command.1.tlog
H:\gitroot\TourDeGiro\TourDeGiro\ArtLib\ArtLib.dir\RelWithDebInfo\custombuild.read.1.tlog
H:\gitroot\TourDeGiro\TourDeGiro\ArtLib\ArtLib.dir\RelWithDebInfo\custombuild.write.1.tlog
H:\gitroot\TourDeGiro\TourDeGiro\ArtLib\ArtLib.dir\RelWithDebInfo\lib.command.1.tlog
H:\gitroot\TourDeGiro\TourDeGiro\ArtLib\ArtLib.dir\RelWithDebInfo\Lib-link.read.1.tlog
H:\gitroot\TourDeGiro\TourDeGiro\ArtLib\ArtLib.dir\RelWithDebInfo\Lib-link.write.1.tlog
H:\GITROOT\TOURDEGIRO\TOURDEGIRO\ARTLIB\ARTLIB.DIR\RELWITHDEBINFO\MD5.OBJ
H:\GITROOT\TOURDEGIRO\TOURDEGIRO\ARTLIB\ARTLIB.DIR\RELWITHDEBINFO\PIPENET.OBJ
H:\GITROOT\TOURDEGIRO\TOURDEGIRO\ARTLIB\ARTLIB.DIR\RELWITHDEBINFO\STDAFX.OBJ
H:\GITROOT\TOURDEGIRO\TOURDEGIRO\ARTLIB\CMAKEFILES\GENERATE.STAMP
H:\GITROOT\TOURDEGIRO\TOURDEGIRO\RELWITHDEBINFO\ARTLIB.LIB
H:\GITROOT\TOURDEGIRO\TOURDEGIRO\RELWITHDEBINFO\ARTLIB.PDB
